2025-05-06T05:27:20.953Z [31merror[39m: Registration error: Phone Number should be unique. 
2025-05-06T08:46:05.901Z [31merror[39m: Registration error: Phone Number should be unique. 
2025-05-06T09:04:05.827Z [31merror[39m: Registration error: Phone Number should be unique. 
2025-05-06T10:35:59.011Z [31merror[39m: Registration error: Phone Number should be unique. 
2025-05-08T11:26:50.352Z [31merror[39m: Registration error: Phone Number should be unique. 
2025-05-08T11:55:13.385Z [31merror[39m: Registration error: Phone Number should be unique. 
2025-05-08T11:55:43.785Z [31merror[39m: Registration error: E11000 duplicate key error collection: test.users index: phoneNumber_1 dup key: { phoneNumber: null } 
2025-05-08T11:57:00.950Z [31merror[39m: token is not defined - GET /api/v1/get-country - ::1 
2025-05-08T11:57:00.953Z [31merror[39m: token is not defined 
2025-05-08T12:03:38.790Z [31merror[39m: getSTatesByCountryCode error..... Cannot read properties of undefined (reading 'toUpperCase') 
2025-05-08T12:22:04.786Z [31merror[39m: getSTatesByCountryCode error..... Cannot read properties of undefined (reading 'toUpperCase') 
2025-05-08T12:23:18.336Z [31merror[39m: getSTatesByCountryCode error..... Cannot read properties of undefined (reading 'toUpperCase') 
2025-05-08T12:27:07.495Z [31merror[39m: getStatesByCountryCode error..... Cannot read properties of undefined (reading 'toUpperCase') 
2025-05-08T12:27:36.223Z [31merror[39m: getStatesByCountryCode error..... Cannot read properties of undefined (reading 'toUpperCase') 
2025-05-08T12:29:52.234Z [31merror[39m: getStatesByCountryCode error..... Cannot read properties of undefined (reading 'toUpperCase') 
2025-05-08T12:30:10.555Z [31merror[39m: getStatesByCountryCode error..... Cannot read properties of undefined (reading 'toUpperCase') 
2025-05-08T12:30:44.611Z [31merror[39m: getStatesByCountryCode error..... Cannot read properties of undefined (reading 'toUpperCase') 
2025-05-08T12:31:08.045Z [31merror[39m: getStatesByCountryCode error..... Cannot read properties of undefined (reading 'toUpperCase') 
2025-05-08T12:32:53.016Z [31merror[39m: getStatesByCountryCode error..... Cannot read properties of undefined (reading 'toUpperCase') 
2025-05-08T12:44:51.764Z [31merror[39m: getStatesByCountryCode error..... Cannot read properties of undefined (reading 'toUpperCase') 
2025-05-08T12:45:16.054Z [31merror[39m: getStatesByCountryCode error..... Cannot read properties of undefined (reading 'toUpperCase') 
2025-05-08T12:54:41.396Z [31merror[39m: State with code GJ not found 
2025-05-08T12:57:06.792Z [31merror[39m: State with code GJ not found 
2025-05-08T13:00:51.421Z [31merror[39m: Location populate error: country is not defined 
2025-05-12T13:08:13.132Z [31merror[39m: JWT verification error: jwt expired 
2025-05-14T06:02:49.923Z [31merror[39m: Registration error: errorMessage is not defined 
2025-05-14T06:02:49.949Z [31merror[39m: errorMessage is not defined - POST /api/v1/register-user - ::1 
2025-05-14T06:02:49.950Z [31merror[39m: errorMessage is not defined 
2025-05-14T06:38:50.616Z [31merror[39m: Location populate error: getaddrinfo ENOTFOUND ac-pocnr3s-shard-00-00.avw2isp.mongodb.net 
2025-05-19T10:45:56.820Z [31merror[39m: JWT verification error: jwt expired 
2025-05-19T10:47:10.661Z [31merror[39m: requestOTP error....... Cannot read properties of undefined (reading 'email') 
2025-05-19T10:49:53.352Z [31merror[39m: requestOTP error....... Cannot read properties of undefined (reading 'email') 
2025-05-19T10:50:31.343Z [31merror[39m: requestOTP error....... userModel.findByOne is not a function 
2025-05-19T10:54:15.812Z [31merror[39m: requestOTP error....... userModel.findByOne is not a function 
2025-05-19T10:54:37.880Z [31merror[39m: requestOTP error....... userModel.findByOne is not a function 
2025-05-19T11:01:04.432Z [31merror[39m: requestOTP error....... User.findByOne is not a function 
2025-05-19T11:04:01.413Z [31merror[39m: requestOTP error....... Invalid login: 535-5.7.8 Username and Password not accepted. For more information, go to
535 5.7.8  https://support.google.com/mail/?p=BadCredentials d9443c01a7336-231d4ac93b3sm57666895ad.4 - gsmtp 
2025-05-19T11:07:30.186Z [31merror[39m: requestOTP error....... Invalid login: 535-5.7.8 Username and Password not accepted. For more information, go to
535 5.7.8  https://support.google.com/mail/?p=BadCredentials d2e1a72fcca58-742a970d75csm6178074b3a.69 - gsmtp 
2025-05-19T11:09:06.129Z [31merror[39m: requestOTP error....... Invalid login: 535-5.7.8 Username and Password not accepted. For more information, go to
535 5.7.8  https://support.google.com/mail/?p=BadCredentials d9443c01a7336-231d4ed5737sm56791895ad.239 - gsmtp 
2025-05-19T11:30:49.814Z [31merror[39m: authUser error....... : Cannot destructure property 'email' of 'req.body' as it is undefined. 
2025-05-19T11:31:07.255Z [31merror[39m: authUser error....... : Cannot access 'user' before initialization 
2025-05-19T11:31:35.175Z [31merror[39m: authUser error....... : Cannot access 'user' before initialization 
2025-05-19T11:32:43.346Z [31merror[39m: authUser error....... : Cannot access 'user' before initialization 
2025-05-19T11:38:42.202Z [31merror[39m: requestOTP error....... Invalid login: 535-5.7.8 Username and Password not accepted. For more information, go to
535 5.7.8  https://support.google.com/mail/?p=BadCredentials d2e1a72fcca58-742a9860d46sm5962995b3a.127 - gsmtp 
2025-05-19T11:41:16.268Z [31merror[39m: JWT verification error: jwt expired 
2025-05-19T11:41:57.351Z [31merror[39m: requestOTP error....... Invalid login: 535-5.7.8 Username and Password not accepted. For more information, go to
535 5.7.8  https://support.google.com/mail/?p=BadCredentials d2e1a72fcca58-742a970b7bcsm6165505b3a.52 - gsmtp 
2025-05-19T11:46:30.119Z [31merror[39m: requestOTP error....... Invalid login: 535-5.7.8 Username and Password not accepted. For more information, go to
535 5.7.8  https://support.google.com/mail/?p=BadCredentials d9443c01a7336-231d4ebac09sm57242845ad.184 - gsmtp 
2025-05-19T11:57:27.969Z [31merror[39m: requestOTP error....... Invalid login: 535-5.7.8 Username and Password not accepted. For more information, go to
535 5.7.8  https://support.google.com/mail/?p=BadCredentials d2e1a72fcca58-742a9829bb3sm6181878b3a.100 - gsmtp 
2025-05-19T12:03:37.825Z [31merror[39m: requestOTP error....... Invalid login: 535-5.7.8 Username and Password not accepted. For more information, go to
535 5.7.8  https://support.google.com/mail/?p=BadCredentials d9443c01a7336-231d4ac944esm58198195ad.49 - gsmtp 
2025-05-19T12:09:32.580Z [31merror[39m: JWT verification error: jwt expired 
2025-05-19T12:09:50.365Z [31merror[39m: JWT verification error: invalid token 
2025-05-19T12:09:59.207Z [31merror[39m: requestOTP error....... Invalid login: 535-5.7.8 Username and Password not accepted. For more information, go to
535 5.7.8  https://support.google.com/mail/?p=BadCredentials d9443c01a7336-231d4ed276csm57991555ad.229 - gsmtp 
2025-05-19T12:20:30.586Z [31merror[39m: requestOTP error....... Invalid login: 535-5.7.8 Username and Password not accepted. For more information, go to
535 5.7.8  https://support.google.com/mail/?p=BadCredentials d2e1a72fcca58-742a9738f13sm6098413b3a.74 - gsmtp 
2025-05-19T12:25:10.983Z [31merror[39m: JWT verification error: invalid token 
